<?xml version="1.0" encoding="UTF-8" standalone="yes" ?>
<test-results name="D:\Fontes\Desafio-Softplan\ProvaDelphiApp\Testes\Win32\Debug\ProvaDelphiAppTestes.exe" total="1" errors="0" failures="1" ignored="0" inconclusive="0" not-run="0" skipped="0" invalid="0" date="2022-08-21" time="7.739">
  <culture-info current-culture="en" current-uiculture="en" />
  <test-suite type="Assembly" name="ProvaDelphiAppTestes.exe" executed="true" result="Failure" success="False" time="7.739" asserts="0">
    <results>
        <test-suite type="Namespace" name="uspQueryTeste" executed="true" result="Failure" success="False" time="7.738" asserts="0" >
          <results>
              <test-suite type="Fixture" name="TTarefa1Teste" executed="True" result="Failure" success="False" time="7.738" >
                <results>
                  <test-case name="GeraSQL" executed="True" result="Failure" success="False" time="7.738" asserts="0" >
                    <failure>
                      <message>
                        <![CDATA[ Condition is False when True expected. [Ocorreu um erro ao tentar gerar o SQL] ]]>
                      </message>
                      <stack-trace>
                        <![CDATA[  ]]>
                      </stack-trace>
                    </failure>
                  </test-case>
                </results>
              </test-suite>
          </results>
        </test-suite>
    </results>
  </test-suite>
</test-results>
